2022-12-14 09:23:29 INFO  Log:12 - =====================================VerifyProductPage TEST START=========================================
2022-12-14 09:23:31 INFO  Log:16 - =====================================VerifyProductPage TEST END=========================================
2022-12-14 09:23:31 INFO  Log:12 - =====================================VerifyProduct TEST START=========================================
2022-12-14 09:23:32 INFO  Log:16 - =====================================VerifyProduct TEST END=========================================
2022-12-14 11:26:07 INFO  Log:12 - =====================================VerifyProductPage TEST START=========================================
2022-12-14 11:26:10 INFO  Log:16 - =====================================VerifyProductPage TEST END=========================================
2022-12-14 11:26:10 INFO  Log:12 - =====================================VerifyProduct TEST START=========================================
2022-12-14 11:26:10 INFO  Log:16 - =====================================VerifyProduct TEST END=========================================
2022-12-14 11:28:02 INFO  Log:12 - =====================================VerifyProductPage TEST START=========================================
2022-12-14 21:57:07 INFO  Log:12 - =====================================VerifyInvalidUserLogin TEST START=========================================
2022-12-14 21:57:07 INFO  Log:12 - =====================================VerifyInvalidUserLogin TEST START=========================================
2022-12-14 21:57:07 INFO  Log:12 - =====================================VerifyInvalidUserLogin TEST START=========================================
2022-12-14 22:40:26 INFO  Log:12 - =====================================VerifyInvalidUserLogin TEST START=========================================
2022-12-14 22:40:26 INFO  Log:12 - =====================================VerifyInvalidUserLogin TEST START=========================================
2022-12-14 22:40:26 INFO  Log:12 - =====================================VerifyInvalidUserLogin TEST START=========================================
2022-12-14 22:40:26 INFO  Log:12 - =====================================VerifyProductPage TEST START=========================================
2022-12-14 22:42:16 INFO  Log:12 - =====================================VerifyInvalidUserLogin TEST START=========================================
2022-12-14 22:42:16 INFO  Log:12 - =====================================VerifyInvalidUserLogin TEST START=========================================
2022-12-14 22:42:16 INFO  Log:12 - =====================================VerifyInvalidUserLogin TEST START=========================================
2022-12-14 22:42:16 INFO  Log:12 - =====================================VerifyProductPage TEST START=========================================
2022-12-14 22:44:59 INFO  Log:12 - =====================================VerifyInvalidUserLogin TEST START=========================================
2022-12-14 22:44:59 INFO  Log:12 - =====================================VerifyInvalidUserLogin TEST START=========================================
2022-12-14 22:44:59 INFO  Log:12 - =====================================VerifyInvalidUserLogin TEST START=========================================
2022-12-14 22:45:12 INFO  Log:12 - =====================================VerifyProductPage TEST START=========================================
2022-12-14 23:01:18 INFO  Log:12 - =====================================VerifyInvalidUserLogin TEST START=========================================
2022-12-14 23:01:18 INFO  Log:12 - =====================================VerifyInvalidUserLogin TEST START=========================================
2022-12-14 23:01:18 INFO  Log:12 - =====================================VerifyInvalidUserLogin TEST START=========================================
2022-12-14 23:01:40 INFO  Log:12 - =====================================VerifyProductPage TEST START=========================================
2022-12-14 23:01:43 INFO  Log:16 - =====================================VerifyProductPage TEST END=========================================
2022-12-14 23:01:43 INFO  Log:12 - =====================================VerifyProduct TEST START=========================================
2022-12-14 23:01:44 INFO  Log:16 - =====================================VerifyProduct TEST END=========================================
2022-12-14 23:01:44 INFO  Log:12 - =====================================selectSupplier TEST START=========================================
2022-12-14 23:01:45 INFO  Log:16 - =====================================selectSupplier TEST END=========================================
2022-12-14 23:05:34 INFO  Log:12 - =====================================VerifyProductPage TEST START=========================================
2022-12-14 23:05:38 INFO  Log:16 - =====================================VerifyProductPage TEST END=========================================
2022-12-14 23:05:38 INFO  Log:12 - =====================================VerifyProduct TEST START=========================================
2022-12-14 23:05:39 INFO  Log:16 - =====================================VerifyProduct TEST END=========================================
2022-12-14 23:05:39 INFO  Log:12 - =====================================selectSupplier TEST START=========================================
2022-12-14 23:05:42 INFO  Log:16 - =====================================selectSupplier TEST END=========================================
2022-12-14 23:16:12 INFO  Log:12 - =====================================VerifyProductPage TEST START=========================================
2022-12-14 23:16:12 INFO  Log:12 - =====================================selectSupplier TEST START=========================================
2022-12-14 23:16:46 INFO  Log:12 - =====================================VerifyProductPage TEST START=========================================
2022-12-14 23:16:49 INFO  Log:16 - =====================================VerifyProductPage TEST END=========================================
2022-12-14 23:16:49 INFO  Log:12 - =====================================VerifyProduct TEST START=========================================
2022-12-14 23:16:50 INFO  Log:16 - =====================================VerifyProduct TEST END=========================================
2022-12-14 23:16:50 INFO  Log:12 - =====================================selectSupplier TEST START=========================================
2022-12-14 23:16:53 INFO  Log:16 - =====================================selectSupplier TEST END=========================================
2022-12-15 20:58:41 INFO  Log:12 - =====================================VerifyProductPage TEST START=========================================
2022-12-15 20:58:51 INFO  Log:16 - =====================================VerifyProductPage TEST END=========================================
2022-12-15 20:58:51 INFO  Log:12 - =====================================VerifyProduct TEST START=========================================
2022-12-15 20:58:52 INFO  Log:16 - =====================================VerifyProduct TEST END=========================================
2022-12-15 20:58:52 INFO  Log:12 - =====================================selectSupplier TEST START=========================================
2022-12-15 20:58:56 INFO  Log:16 - =====================================selectSupplier TEST END=========================================
2022-12-15 21:39:19 INFO  Log:12 - =====================================VerifyProductPage TEST START=========================================
2022-12-15 21:39:26 INFO  Log:16 - =====================================VerifyProductPage TEST END=========================================
2022-12-15 21:39:26 INFO  Log:12 - =====================================VerifyProduct TEST START=========================================
2022-12-15 21:39:27 INFO  Log:16 - =====================================VerifyProduct TEST END=========================================
2022-12-15 21:39:27 INFO  Log:12 - =====================================selectSupplier TEST START=========================================
2022-12-15 21:39:31 INFO  Log:16 - =====================================selectSupplier TEST END=========================================
2022-12-15 21:43:26 INFO  Log:12 - =====================================VerifyProductPage TEST START=========================================
2022-12-15 21:43:33 INFO  Log:16 - =====================================VerifyProductPage TEST END=========================================
2022-12-15 21:43:33 INFO  Log:12 - =====================================VerifyProduct TEST START=========================================
2022-12-15 21:43:34 INFO  Log:16 - =====================================VerifyProduct TEST END=========================================
2022-12-15 21:43:34 INFO  Log:12 - =====================================selectSupplier TEST START=========================================
2022-12-15 21:43:38 INFO  Log:16 - =====================================selectSupplier TEST END=========================================
2022-12-15 21:53:15 INFO  Log:12 - =====================================VerifyProductPage TEST START=========================================
2022-12-15 21:53:15 INFO  Log:12 - =====================================selectSupplier TEST START=========================================
2022-12-15 21:55:06 INFO  Log:12 - =====================================VerifyProductPage TEST START=========================================
2022-12-15 21:55:15 INFO  Log:16 - =====================================VerifyProductPage TEST END=========================================
2022-12-15 21:55:15 INFO  Log:12 - =====================================VerifyProduct TEST START=========================================
2022-12-15 21:55:16 INFO  Log:16 - =====================================VerifyProduct TEST END=========================================
2022-12-15 21:55:16 INFO  Log:12 - =====================================selectSupplier TEST START=========================================
2022-12-15 21:55:20 INFO  Log:16 - =====================================selectSupplier TEST END=========================================
2022-12-15 22:40:11 INFO  Log:12 - =====================================VerifyProductPage TEST START=========================================
2022-12-15 22:40:18 INFO  Log:16 - =====================================VerifyProductPage TEST END=========================================
2022-12-15 22:40:18 INFO  Log:12 - =====================================VerifyProduct TEST START=========================================
2022-12-15 22:40:18 INFO  Log:16 - =====================================VerifyProduct TEST END=========================================
2022-12-15 22:40:18 INFO  Log:12 - =====================================selectNextPage TEST START=========================================
2022-12-15 22:40:18 INFO  Log:12 - =====================================selectSupplier TEST START=========================================
2022-12-15 22:40:22 INFO  Log:16 - =====================================selectSupplier TEST END=========================================
2022-12-15 22:43:04 INFO  Log:12 - =====================================VerifyProductPage TEST START=========================================
2022-12-15 22:43:10 INFO  Log:16 - =====================================VerifyProductPage TEST END=========================================
2022-12-15 22:43:10 INFO  Log:12 - =====================================VerifyProduct TEST START=========================================
2022-12-15 22:43:11 INFO  Log:16 - =====================================VerifyProduct TEST END=========================================
2022-12-15 22:43:11 INFO  Log:12 - =====================================selectNextPage TEST START=========================================
2022-12-15 22:43:11 INFO  Log:12 - =====================================selectSupplier TEST START=========================================
2022-12-15 22:43:15 INFO  Log:16 - =====================================selectSupplier TEST END=========================================
2022-12-15 22:46:45 INFO  Log:12 - =====================================VerifyProductPage TEST START=========================================
2022-12-15 22:46:54 INFO  Log:16 - =====================================VerifyProductPage TEST END=========================================
2022-12-15 22:46:54 INFO  Log:12 - =====================================VerifyProduct TEST START=========================================
2022-12-15 22:46:54 INFO  Log:16 - =====================================VerifyProduct TEST END=========================================
2022-12-15 22:46:54 INFO  Log:12 - =====================================selectNextPage TEST START=========================================
2022-12-15 22:46:54 INFO  Log:12 - =====================================selectSupplier TEST START=========================================
2022-12-15 22:46:58 INFO  Log:16 - =====================================selectSupplier TEST END=========================================
2022-12-15 22:49:32 INFO  Log:12 - =====================================VerifyProductPage TEST START=========================================
2022-12-15 22:49:36 INFO  Log:16 - =====================================VerifyProductPage TEST END=========================================
2022-12-15 22:49:36 INFO  Log:12 - =====================================VerifyProduct TEST START=========================================
2022-12-15 22:49:37 INFO  Log:16 - =====================================VerifyProduct TEST END=========================================
2022-12-15 22:49:37 INFO  Log:12 - =====================================selectNextPage TEST START=========================================
2022-12-15 22:49:37 INFO  Log:12 - =====================================selectSupplier TEST START=========================================
2022-12-15 22:49:40 INFO  Log:16 - =====================================selectSupplier TEST END=========================================
2022-12-15 22:53:02 INFO  Log:12 - =====================================VerifyProductPage TEST START=========================================
2022-12-15 22:53:05 INFO  Log:16 - =====================================VerifyProductPage TEST END=========================================
2022-12-15 22:53:05 INFO  Log:12 - =====================================VerifyProduct TEST START=========================================
2022-12-15 22:53:20 INFO  Log:16 - =====================================VerifyProduct TEST END=========================================
2022-12-15 22:53:27 INFO  Log:12 - =====================================selectNextPage TEST START=========================================
2022-12-15 23:01:15 INFO  Log:12 - =====================================VerifyProductPage TEST START=========================================
2022-12-15 23:01:23 INFO  Log:16 - =====================================VerifyProductPage TEST END=========================================
2022-12-15 23:01:23 INFO  Log:12 - =====================================VerifyProduct TEST START=========================================
2022-12-15 23:01:24 INFO  Log:16 - =====================================VerifyProduct TEST END=========================================
2022-12-15 23:01:24 INFO  Log:12 - =====================================selectNextPage TEST START=========================================
2022-12-15 23:01:24 INFO  Log:12 - =====================================selectSupplier TEST START=========================================
2022-12-15 23:01:28 INFO  Log:16 - =====================================selectSupplier TEST END=========================================
2022-12-15 23:03:14 INFO  Log:12 - =====================================VerifyProductPage TEST START=========================================
2022-12-15 23:03:33 INFO  Log:16 - =====================================VerifyProductPage TEST END=========================================
2022-12-15 23:03:33 INFO  Log:12 - =====================================VerifyProduct TEST START=========================================
2022-12-15 23:03:44 INFO  Log:16 - =====================================VerifyProduct TEST END=========================================
2022-12-15 23:04:35 INFO  Log:12 - =====================================selectNextPage TEST START=========================================
